============================================================================
| ACPYPE: AnteChamber PYthon Parser interfacE v. 2023.10.27 (c) 2026 AWSdS |
============================================================================
DEBUG: CLI: -i ligand_92.pdb -c bcc
DEBUG: Python Version 3.12.13 | packaged by conda-forge | (main, Mar 5 2026, 16:50:00) [GCC 14.3.0]
DEBUG: Max execution time tolerance is 3h
DEBUG: setResNameCheckCoords done
WARNING: no charge value given, trying to guess one...
DEBUG: guessCharge: /home/bedanga-b-bora/miniconda3/envs/gmx_env/bin/obabel -ipdb ligand_92.pdb -omol2 -O ligand_92.mol2
DEBUG: 1 molecule converted
DEBUG: /home/bedanga-b-bora/miniconda3/envs/gmx_env/bin/antechamber -dr no -i /home/bedanga-b-bora/Documents/top_ache_hits/.acpype_tmp_ligand_92/ligand_92.mol2 -fi mol2 -o tmp -fo mol2 -c gas -pf n
DEBUG: /home/bedanga-b-bora/miniconda3/envs/gmx_env/bin/antechamber -dr no -i tmp -fi mol2 -o tmp -fo mol2 -c wc -cf tmp.crg -pf n
DEBUG: ++++++++++start_quote+++++++++++++++++++++++++++++++++++++++++++++++++++++++++++
DEBUG: Info: The atom type is set to gaff; the options available to the -at flag are
 gaff, gaff2, amber, bcc, abcg2, and sybyl.


DEBUG: ++++++++++end_quote+++++++++++++++++++++++++++++++++++++++++++++++++++++++++++++
DEBUG: readMol2TotalCharge: -1.0000000000070716e-06
DEBUG: Net charge drift '0.000001'
==> ... charge set to 0
==> ... converting pdb input file to mol2 input file
DEBUG: /home/bedanga-b-bora/miniconda3/envs/gmx_env/bin/obabel -ipdb ligand_92.pdb -omol2 -O ligand_92.mol2
==> * Babel OK *
==> Executing Antechamber...
DEBUG: /home/bedanga-b-bora/miniconda3/envs/gmx_env/bin/antechamber -dr no -i ligand_92.mol2 -fi mol2 -o ligand_92_bcc_gaff2.mol2 -fo mol2 -c bcc -nc 0 -m 1 -s 2 -df 2 -at gaff2 -pf n 
DEBUG: No file left to be removed
==> * Antechamber OK *
DEBUG: /home/bedanga-b-bora/miniconda3/envs/gmx_env/bin/parmchk2 -i ligand_92_bcc_gaff2.mol2 -f mol2 -o ligand_92_AC.frcmod -s 2
==> * Parmchk OK *
DEBUG: No crd or prm files left to be removed
==> Executing Tleap...
DEBUG: /home/bedanga-b-bora/miniconda3/envs/gmx_env/bin/tleap -f tleap.in
DEBUG: ++++++++++start_quote+++++++++++++++++++++++++++++++++++++++++++++++++++++++++++
DEBUG: Checking 'UNL'....
Checking parameters for unit 'UNL'.
Checking for bond parameters.
Checking for angle parameters.
Unit is OK.
DEBUG: ++++++++++end_quote+++++++++++++++++++++++++++++++++++++++++++++++++++++++++++++
==> * Tleap OK *
==> Removing temporary files...
DEBUG: prmtop and inpcrd files loaded
DEBUG: basename defined = 'ligand_92'
DEBUG: getCoords done
DEBUG: getABCOEFs done
DEBUG: charge to be balanced: total -0.0040000033
DEBUG: balanceCharges done
DEBUG: Balanced TotalCharge 0.0000000000
DEBUG: PBC = None
DEBUG: getAtoms done
DEBUG: getBonds done
DEBUG: getAngles done
DEBUG: getDihedrals done
==> Using OpenBabel v.3.1.0

==> Writing NEW PDB file

==> Writing CNS/XPLOR files

DEBUG: chiralGroups 0
==> Writing GROMACS files

==> Disambiguating lower and uppercase atomtypes in GMX top file, even if identical.

DEBUG: writing GRO file
DEBUG: Box size estimated
DEBUG: writing POSRE file
DEBUG: atomTypes 12
DEBUG: GMX atomtypes done
DEBUG: atoms 64
DEBUG: GMX atoms done
DEBUG: bonds 68
DEBUG: GMX bonds done
DEBUG: atomPairs 167
DEBUG: GMX pairs done
DEBUG: angles 120
DEBUG: GMX angles done
DEBUG: setProperDihedralsCoef done
DEBUG: properDihedralsCoefRB 184
DEBUG: properDihedralsAlphaGamma 0
DEBUG: properDihedralsGmx45 195
==> Writing GMX dihedrals for GMX 4.5 and higher.

DEBUG: GMX special proper dihedrals done
DEBUG: improperDihedrals 23
DEBUG: GMX improper dihedrals done
==> Writing CHARMM files

DEBUG: /home/bedanga-b-bora/miniconda3/envs/gmx_env/bin/antechamber -dr no -i ligand_92_bcc_gaff2.mol2 -fi mol2 -o ligand_92_CHARMM -fo charmm -s 2 -at gaff2 -pf n -rn UNL
DEBUG: ++++++++++start_quote+++++++++++++++++++++++++++++++++++++++++++++++++++++++++++
DEBUG: Info: The atom type is set to gaff2; the options available to the -at flag are
 gaff, gaff2, amber, bcc, abcg2, and sybyl.

Info: Ignoring Mol2 record type (@<TRIPOS>SUBSTRUCTURE).
Info: Finished reading file (ligand_92_bcc_gaff2.mol2); atoms read (64), bonds read (68).
Info: Determining atomic numbers from atomic symbols which are case sensitive.
Running: /home/bedanga-b-bora/miniconda3/envs/gmx_env/bin/bondtype -j full -i ANTECHAMBER_BOND_TYPE.AC0 -o ANTECHAMBER_BOND_TYPE.AC -f ac

Running: /home/bedanga-b-bora/miniconda3/envs/gmx_env/bin/atomtype -i ANTECHAMBER_AC.AC0 -o ANTECHAMBER_AC.AC -p gaff2

Running: /home/bedanga-b-bora/miniconda3/envs/gmx_env/bin/atomtype -i ANTECHAMBER_PREP.AC0 -o ANTECHAMBER_PREP.AC -p gaff2

Running: /home/bedanga-b-bora/miniconda3/envs/gmx_env/bin/charmmgen -i ANTECHAMBER_PREP.AC -f ac -o ligand_92_CHARMM -r UNL

DEBUG: ++++++++++end_quote+++++++++++++++++++++++++++++++++++++++++++++++++++++++++++++
==> Writing pickle file ligand_92.pkl
==> Removing temporary files...
Total time of execution: 3m 52s
DEBUG: No tmp folder left to be removed
