            --------------------------------------------------------
                             AMBER SQM VERSION 19
 
                                     By
              Ross C. Walker, Michael F. Crowley, Scott Brozell,
                         Tim Giese, Andreas W. Goetz,
                        Tai-Sung Lee and David A. Case
 
            --------------------------------------------------------
 

--------------------------------------------------------------------------------
  QM CALCULATION INFO
--------------------------------------------------------------------------------

| QMMM: Citation for AMBER QMMM Run:
| QMMM: R.C. Walker, M.F. Crowley and D.A. Case, J. COMP. CHEM. 29:1019, 2008

QMMM: SINGLET STATE CALCULATION
QMMM: RHF CALCULATION, NO. OF DOUBLY OCCUPIED LEVELS = 89

| QMMM: *** Selected Hamiltonian *** 
| QMMM: AM1         

| QMMM: *** Parameter sets in use ***
| QMMM: N : M.J.S.DEWAR et al. JACS, 107, 3902, (1985)
| QMMM: C : M.J.S.DEWAR et al. JACS, 107, 3902, (1985)
| QMMM: O : M.J.S.DEWAR et al. JACS, 107, 3902, (1985)
| QMMM: H : M.J.S.DEWAR et al. JACS, 107, 3902, (1985)

| QMMM: *** SCF convergence criteria ***
| QMMM: Energy change                :  0.1D-09 kcal/mol
| QMMM: Error matrix |FP-PF|         :  0.1D+00 au
| QMMM: Density matrix change        :  0.5D-06
| QMMM: Maximum number of SCF cycles :     1000

| QMMM: *** Diagonalization Routine Information ***
| QMMM: Pseudo diagonalizations are allowed.
| QMMM: Auto diagonalization routine selection is in use.
| QMMM:
| QMMM: Timing diagonalization routines:
| QMMM:                              norbs =      169
| QMMM:    diag iterations used for timing =        5
| QMMM:
| QMMM:              Internal diag routine = 0.063219 seconds
| QMMM:                 Dspev diag routine = 0.039002 seconds
| QMMM:                Dspevd diag routine = 0.029548 seconds
| QMMM:                Dspevx diag routine = 0.068931 seconds
| QMMM:                 Dsyev diag routine = 0.030724 seconds
| QMMM:                Dsyevd diag routine = 0.017879 seconds
| QMMM:                Dsyevr diag routine = 0.021425 seconds
| QMMM:
| QMMM:                Pseudo diag routine = 0.016200 seconds
| QMMM:
| QMMM: Using dsyevd routine (diag_routine=6).

  QMMM: QM Region Cartesian Coordinates (*=link atom) 
  QMMM: QM_NO.   MM_NO.  ATOM         X         Y         Z
  QMMM:     1        1      N       -0.1370  -55.6240   10.2050
  QMMM:     2        2      N       -1.4510  -56.6740    4.9610
  QMMM:     3        3      N        4.2550  -56.3290    1.1170
  QMMM:     4        4      C       -2.5100  -57.3970    7.0600
  QMMM:     5        5      C       -1.7910  -56.3370    7.8920
  QMMM:     6        6      C       -2.3500  -56.2820    9.3170
  QMMM:     7        7      C       -0.2830  -56.6030    7.9380
  QMMM:     8        8      C       -1.5690  -55.2940   10.1840
  QMMM:     9        9      C        0.4310  -55.6040    8.8500
  QMMM:    10       10      C        0.5890  -54.7020   11.0780
  QMMM:    11       11      C        1.9320  -55.2500   11.4790
  QMMM:    12       12      C        2.9570  -54.3810   11.8550
  QMMM:    13       13      C        2.1530  -56.6270   11.4750
  QMMM:    14       14      C        4.2020  -54.8880   12.2260
  QMMM:    15       15      C        3.3980  -57.1350   11.8460
  QMMM:    16       16      C        4.4220  -56.2660   12.2210
  QMMM:    17       17      C       -2.6970  -56.9740    5.6100
  QMMM:    18       18      C       -0.5030  -57.6260    4.6210
  QMMM:    19       19      C       -1.0490  -55.3990    4.5970
  QMMM:    20       20      C        0.5990  -56.8950    3.9970
  QMMM:    21       21      C        0.2690  -55.5480    3.9830
  QMMM:    22       22      C        1.7930  -57.3580    3.4820
  QMMM:    23       23      C        1.1130  -54.5930    3.4530
  QMMM:    24       24      C        2.6650  -56.4100    2.9400
  QMMM:    25       25      C        2.3280  -55.0410    2.9250
  QMMM:    26       26      C        3.9380  -56.8410    2.3820
  QMMM:    27       27      C        5.4230  -56.5490    0.3440
  QMMM:    28       28      C        5.3340  -57.2200   -0.8760
  QMMM:    29       29      C        6.6590  -56.0950    0.8030
  QMMM:    30       30      C        6.4830  -57.4370   -1.6360
  QMMM:    31       31      C        7.8080  -56.3120    0.0430
  QMMM:    32       32      C        7.7190  -56.9830   -1.1770
  QMMM:    33       33      O       -0.5160  -58.8330    4.7780
  QMMM:    34       34      O       -1.6250  -54.3340    4.7320
  QMMM:    35       35      O        4.6620  -57.5970    3.0480
  QMMM:    36       36      H       -3.4910  -57.6040    7.5060
  QMMM:    37       37      H       -1.9560  -58.3440    7.0960
  QMMM:    38       38      H       -1.9550  -55.3570    7.4230
  QMMM:    39       39      H       -2.3090  -57.2790    9.7760
  QMMM:    40       40      H       -3.4060  -55.9870    9.2940
  QMMM:    41       41      H       -0.0880  -57.6250    8.2890
  QMMM:    42       42      H        0.1630  -56.5120    6.9410
  QMMM:    43       43      H       -1.7280  -54.2720    9.8160
  QMMM:    44       44      H       -1.9780  -55.3420   11.2010
  QMMM:    45       45      H        1.4850  -55.8980    8.8590
  QMMM:    46       46      H        0.3720  -54.5990    8.4120
  QMMM:    47       47      H        0.0240  -54.5310   12.0060
  QMMM:    48       48      H        0.6970  -53.7050   10.6280
  QMMM:    49       49      H        2.7970  -53.3060   11.8650
  QMMM:    50       50      H        1.3720  -57.3180   11.1680
  QMMM:    51       51      H        4.9990  -54.2120   12.5190
  QMMM:    52       52      H        3.5710  -58.2070   11.8380
  QMMM:    53       53      H        5.3920  -56.6610   12.5100
  QMMM:    54       54      H       -3.3130  -56.0730    5.5420
  QMMM:    55       55      H       -3.1950  -57.7750    5.0520
  QMMM:    56       56      H        2.0220  -58.4150    3.5500
  QMMM:    57       57      H        0.8550  -53.5420    3.4400
  QMMM:    58       58      H        3.0070  -54.3080    2.4970
  QMMM:    59       59      H        3.6070  -55.6780    0.6830
  QMMM:    60       60      H        4.4160  -57.6000   -1.2970
  QMMM:    61       61      H        6.7410  -55.5710    1.7520
  QMMM:    62       62      H        6.4170  -57.9590   -2.5860
  QMMM:    63       63      H        8.7700  -55.9590    0.4000
  QMMM:    64       64      H        8.6150  -57.1520   -1.7690

--------------------------------------------------------------------------------
  RESULTS
--------------------------------------------------------------------------------

      iter         sqm energy              rms gradient
      ----    -------------------    -----------------------
xmin    10       -6.1892 kcal/mol        1.0086 kcal/(mol*A)
xmin    20       -6.9071 kcal/mol        0.3685 kcal/(mol*A)
xmin    30       -7.0986 kcal/mol        0.1162 kcal/(mol*A)
xmin    40       -7.2227 kcal/mol        0.2716 kcal/(mol*A)
xmin    50       -7.3726 kcal/mol        0.2588 kcal/(mol*A)
xmin    60       -7.5322 kcal/mol        0.1122 kcal/(mol*A)
xmin    70       -7.6229 kcal/mol        0.1171 kcal/(mol*A)
xmin    80       -7.6487 kcal/mol        0.1841 kcal/(mol*A)
xmin    90       -7.6705 kcal/mol        0.0950 kcal/(mol*A)
xmin   100       -7.6947 kcal/mol        0.0586 kcal/(mol*A)
xmin   110       -7.7053 kcal/mol        0.0259 kcal/(mol*A)
xmin   120       -7.7098 kcal/mol        0.0233 kcal/(mol*A)
xmin   130       -7.7128 kcal/mol        0.0323 kcal/(mol*A)
xmin   140       -7.7172 kcal/mol        0.0310 kcal/(mol*A)
xmin   150       -7.7271 kcal/mol        0.1063 kcal/(mol*A)
xmin   160       -7.7368 kcal/mol        0.0770 kcal/(mol*A)
xmin   170       -7.7584 kcal/mol        0.0585 kcal/(mol*A)
xmin   180       -7.7843 kcal/mol        0.1614 kcal/(mol*A)
xmin   190       -7.9109 kcal/mol        0.0784 kcal/(mol*A)
xmin   200       -7.9904 kcal/mol        0.1651 kcal/(mol*A)
xmin   210       -8.1847 kcal/mol        0.1308 kcal/(mol*A)
xmin   220       -8.2572 kcal/mol        0.3325 kcal/(mol*A)
xmin   230       -8.4299 kcal/mol        0.1559 kcal/(mol*A)
xmin   240       -8.4773 kcal/mol        0.1424 kcal/(mol*A)
xmin   250       -8.4900 kcal/mol        0.2464 kcal/(mol*A)
xmin   260       -8.5190 kcal/mol        0.0269 kcal/(mol*A)
xmin   270       -8.5371 kcal/mol        0.0337 kcal/(mol*A)
xmin   280       -8.5425 kcal/mol        0.0177 kcal/(mol*A)
xmin   290       -8.5475 kcal/mol        0.0241 kcal/(mol*A)
xmin   300       -8.5534 kcal/mol        0.0092 kcal/(mol*A)
xmin   310       -8.5543 kcal/mol        0.0076 kcal/(mol*A)
xmin   320       -8.5546 kcal/mol        0.0054 kcal/(mol*A)
xmin   330       -8.5547 kcal/mol        0.0041 kcal/(mol*A)
xmin   340       -8.5548 kcal/mol        0.0019 kcal/(mol*A)
xmin   350       -8.5548 kcal/mol        0.0035 kcal/(mol*A)
xmin   360       -8.5548 kcal/mol        0.0016 kcal/(mol*A)
xmin   370       -8.5548 kcal/mol        0.0011 kcal/(mol*A)
  ... geometry converged !
 
 Final MO eigenvalues (eV):
 -42.3081  -40.8678  -40.1887  -39.5594  -39.1559  -39.0255  -38.4831  -36.8258
 -35.8470  -35.6493  -33.6272  -32.7822  -32.1685  -31.6334  -31.5264  -31.3196
 -30.6124  -29.8092  -27.3077  -26.5782  -25.7533  -24.6548  -24.1301  -23.7477
 -23.5614  -23.1248  -23.0730  -22.3050  -21.5762  -21.4518  -20.7260  -20.0778
 -19.1824  -18.6911  -18.4449  -17.8355  -17.4769  -17.2915  -17.1813  -16.9530
 -16.8283  -16.5971  -16.3560  -16.1105  -15.9827  -15.8300  -15.6692  -15.5444
 -15.4203  -15.3372  -15.1536  -15.1089  -14.9308  -14.8382  -14.7771  -14.4295
 -14.3152  -14.2616  -14.1915  -14.0321  -13.8065  -13.6814  -13.5992  -13.4073
 -13.2810  -13.0621  -12.8436  -12.7963  -12.6466  -12.3577  -12.1920  -11.8940
 -11.8413  -11.8058  -11.7542  -11.7452  -11.4844  -11.3552  -11.3165  -11.1858
 -11.1149  -10.8273  -10.7888  -10.4364   -9.9110   -9.5792   -9.3757   -9.0882
  -9.0408   -1.4840   -0.7084    0.0446    0.3592    0.4741    0.5240    0.6492
   0.9296    1.1697    1.3801    1.5094    2.0135    2.1720    2.7182    2.7715
   2.8211    2.8674    2.9120    3.0896    3.1299    3.4344    3.4940    3.5740
   3.6063    3.7042    3.7271    3.7597    3.8390    3.9402    3.9796    4.0139
   4.0745    4.1008    4.1125    4.1416    4.1733    4.1959    4.2321    4.2333
   4.2503    4.2936    4.3047    4.3163    4.3609    4.3868    4.4021    4.4487
   4.5570    4.5830    4.6235    4.6444    4.7310    4.7443    4.8106    4.8250
   4.8464    4.8588    4.9287    4.9825    5.0115    5.1256    5.1679    5.1762
   5.1926    5.2486    5.3102    5.3287    5.3716    5.5437    5.6470    5.7039
   5.8038    5.8166    5.9128    5.9726    6.1827    6.2875    6.3373    6.4791
   6.5240

 Heat of formation   =         -8.55484584 kcal/mol  (       -0.37096595 eV)

 Total SCF energy    =    -131284.32264792 kcal/mol  (    -5692.91542639 eV)
 Electronic energy   =   -1098826.47982899 kcal/mol  (   -47648.69172321 eV)
 Core-core repulsion =     967542.15718107 kcal/mol  (    41955.77629682 eV)
 
    Atomic Charges for Step       1 :
  Atom    Element       Mulliken Charge
     1      N                 -0.254
     2      N                 -0.348
     3      N                 -0.319
     4      C                 -0.177
     5      C                 -0.109
     6      C                 -0.151
     7      C                 -0.153
     8      C                 -0.068
     9      C                 -0.071
    10      C                 -0.030
    11      C                 -0.079
    12      C                 -0.129
    13      C                 -0.108
    14      C                 -0.133
    15      C                 -0.135
    16      C                 -0.130
    17      C                 -0.014
    18      C                  0.359
    19      C                  0.357
    20      C                 -0.125
    21      C                 -0.101
    22      C                 -0.019
    23      C                 -0.072
    24      C                 -0.114
    25      C                 -0.094
    26      C                  0.348
    27      C                  0.069
    28      C                 -0.181
    29      C                 -0.150
    30      C                 -0.104
    31      C                 -0.105
    32      C                 -0.152
    33      O                 -0.284
    34      O                 -0.292
    35      O                 -0.331
    36      H                  0.095
    37      H                  0.096
    38      H                  0.095
    39      H                  0.089
    40      H                  0.085
    41      H                  0.092
    42      H                  0.082
    43      H                  0.057
    44      H                  0.086
    45      H                  0.098
    46      H                  0.051
    47      H                  0.097
    48      H                  0.058
    49      H                  0.129
    50      H                  0.146
    51      H                  0.130
    52      H                  0.131
    53      H                  0.130
    54      H                  0.111
    55      H                  0.106
    56      H                  0.180
    57      H                  0.164
    58      H                  0.150
    59      H                  0.232
    60      H                  0.128
    61      H                  0.172
    62      H                  0.133
    63      H                  0.137
    64      H                  0.135
 Total Mulliken Charge =      -0.000
 
                  X        Y        Z     TOTAL  
  QM DIPOLE     0.254    3.401   -2.526    4.244
 
 Final Structure

  QMMM: QM Region Cartesian Coordinates (*=link atom) 
  QMMM: QM_NO.   MM_NO.  ATOM         X         Y         Z
  QMMM:     1        1      N       -0.3233  -55.3754   10.7594
  QMMM:     2        2      N       -0.5019  -56.9419    4.9365
  QMMM:     3        3      N        4.2338  -56.2986   -0.1847
  QMMM:     4        4      C       -1.0777  -57.7822    7.2318
  QMMM:     5        5      C       -0.5842  -56.6680    8.1390
  QMMM:     6        6      C       -1.7426  -55.9251    8.7872
  QMMM:     7        7      C        0.3198  -57.2313    9.2253
  QMMM:     8        8      C       -1.2369  -54.8530    9.7497
  QMMM:     9        9      C        0.7787  -56.1325   10.1802
  QMMM:    10       10      C        0.1345  -54.3214   11.6579
  QMMM:    11       11      C        0.8870  -54.8190   12.8574
  QMMM:    12       12      C        2.1000  -54.2186   13.2120
  QMMM:    13       13      C        0.3641  -55.8415   13.6567
  QMMM:    14       14      C        2.7805  -54.6350   14.3555
  QMMM:    15       15      C        1.0492  -56.2579   14.7972
  QMMM:    16       16      C        2.2569  -55.6552   15.1491
  QMMM:    17       17      C       -1.5457  -57.2798    5.8653
  QMMM:    18       18      C        0.2033  -57.8953    4.1484
  QMMM:    19       19      C        0.0408  -55.6404    4.7673
  QMMM:    20       20      C        1.2543  -57.1358    3.3948
  QMMM:    21       21      C        1.1557  -55.7655    3.7693
  QMMM:    22       22      C        2.1999  -57.5614    2.4888
  QMMM:    23       23      C        2.0031  -54.8184    3.2390
  QMMM:    24       24      C        3.0592  -56.5856    1.9354
  QMMM:    25       25      C        2.9671  -55.2467    2.3054
  QMMM:    26       26      C        4.1021  -57.0569    0.9680
  QMMM:    27       27      C        5.1043  -56.5380   -1.2636
  QMMM:    28       28      C        4.9194  -55.7883   -2.4516
  QMMM:    29       29      C        6.1604  -57.4712   -1.2089
  QMMM:    30       30      C        5.7673  -55.9744   -3.5368
  QMMM:    31       31      C        6.9955  -57.6420   -2.3104
  QMMM:    32       32      C        6.8079  -56.9004   -3.4743
  QMMM:    33       33      O       -0.0456  -59.1011    4.1067
  QMMM:    34       34      O       -0.3603  -54.6207    5.3327
  QMMM:    35       35      O        4.7828  -58.0681    1.2133
  QMMM:    36       36      H       -1.9480  -58.3015    7.7141
  QMMM:    37       37      H       -0.2685  -58.5484    7.0985
  QMMM:    38       38      H        0.0081  -55.9301    7.5257
  QMMM:    39       39      H       -2.3964  -56.6508    9.3373
  QMMM:    40       40      H       -2.3658  -55.4245    8.0020
  QMMM:    41       41      H       -0.2276  -58.0279    9.7926
  QMMM:    42       42      H        1.2279  -57.6997    8.7656
  QMMM:    43       43      H       -0.7571  -54.0273    9.1446
  QMMM:    44       44      H       -2.1210  -54.4100   10.2895
  QMMM:    45       45      H        1.3438  -56.6030   11.0342
  QMMM:    46       46      H        1.4961  -55.4567    9.6258
  QMMM:    47       47      H       -0.7825  -53.7782   12.0328
  QMMM:    48       48      H        0.7733  -53.5638   11.1108
  QMMM:    49       49      H        2.5195  -53.4146   12.5890
  QMMM:    50       50      H       -0.5883  -56.3181   13.3787
  QMMM:    51       51      H        3.7324  -54.1578   14.6300
  QMMM:    52       52      H        0.6347  -57.0634   15.4208
  QMMM:    53       53      H        2.7951  -55.9836   16.0499
  QMMM:    54       54      H       -2.1851  -56.3609    6.0056
  QMMM:    55       55      H       -2.1666  -58.0912    5.3846
  QMMM:    56       56      H        2.3041  -58.6216    2.2053
  QMMM:    57       57      H        1.9359  -53.7599    3.5327
  QMMM:    58       58      H        3.6619  -54.5019    1.8848
  QMMM:    59       59      H        3.5824  -55.5560   -0.3163
  QMMM:    60       60      H        4.1046  -55.0524   -2.5283
  QMMM:    61       61      H        6.3333  -58.0749   -0.3029
  QMMM:    62       62      H        5.6109  -55.3842   -4.4524
  QMMM:    63       63      H        7.8139  -58.3760   -2.2523
  QMMM:    64       64      H        7.4734  -57.0435   -4.3373

           --------- Calculation Completed ----------

